[WARN]  Running against a source checkout. In order to get our runtime dependencies we'll have to invoke Maven. Depending on the state of your system, this may take ~30-45 seconds
[DEBUG]  Running 'mvn -B -pl site.ycsb:redis-binding -am package -DskipTests dependency:list -DoutputAbsoluteArtifactFilename -DappendOutput=false -DoutputFile=/tmp/tmpmc8ppapm'
[INFO] Scanning for projects...
[INFO] ------------------------------------------------------------------------
[INFO] Reactor Build Order:
[INFO] 
[INFO] YCSB Root                                                          [pom]
[INFO] Core YCSB                                                          [jar]
[INFO] Per Datastore Binding descriptor                                   [jar]
[INFO] YCSB Datastore Binding Parent                                      [pom]
[INFO] Redis DB Binding                                                   [jar]
[INFO] 
[INFO] ---------------------------< site.ycsb:root >---------------------------
[INFO] Building YCSB Root 0.18.0-SNAPSHOT                                 [1/5]
[INFO] --------------------------------[ pom ]---------------------------------
[INFO] 
[INFO] --- maven-enforcer-plugin:3.0.0-M1:enforce (enforce-maven) @ root ---
[INFO] 
[INFO] --- maven-checkstyle-plugin:2.16:check (validate) @ root ---
[INFO] 
[INFO] --- maven-dependency-plugin:2.8:list (default-cli) @ root ---
[INFO] 
[INFO] ---------------------------< site.ycsb:core >---------------------------
[INFO] Building Core YCSB 0.18.0-SNAPSHOT                                 [2/5]
[INFO] --------------------------------[ jar ]---------------------------------
[INFO] 
[INFO] --- maven-enforcer-plugin:3.0.0-M1:enforce (enforce-maven) @ core ---
[INFO] 
[INFO] --- maven-checkstyle-plugin:2.16:check (validate) @ core ---
[INFO] 
[INFO] --- maven-resources-plugin:2.6:resources (default-resources) @ core ---
[INFO] Using 'UTF-8' encoding to copy filtered resources.
[INFO] Copying 1 resource
[INFO] 
[INFO] --- maven-compiler-plugin:3.7.0:compile (default-compile) @ core ---
[INFO] Changes detected - recompiling the module!
[INFO] Compiling 63 source files to /users/cgw/YCSB/core/target/classes
[INFO] /users/cgw/YCSB/core/src/main/java/site/ycsb/DBFactory.java: Some input files use or override a deprecated API.
[INFO] /users/cgw/YCSB/core/src/main/java/site/ycsb/DBFactory.java: Recompile with -Xlint:deprecation for details.
[INFO] 
[INFO] --- maven-resources-plugin:2.6:testResources (default-testResources) @ core ---
[INFO] Using 'UTF-8' encoding to copy filtered resources.
[INFO] skip non existing resourceDirectory /users/cgw/YCSB/core/src/test/resources
[INFO] 
[INFO] --- maven-compiler-plugin:3.7.0:testCompile (default-testCompile) @ core ---
[INFO] Nothing to compile - all classes are up to date
[INFO] 
[INFO] --- maven-surefire-plugin:2.12.4:test (default-test) @ core ---
[INFO] Tests are skipped.
[INFO] 
[INFO] --- maven-jar-plugin:2.4:jar (default-jar) @ core ---
[INFO] Building jar: /users/cgw/YCSB/core/target/core-0.18.0-SNAPSHOT.jar
[INFO] 
[INFO] --- maven-dependency-plugin:2.8:list (default-cli) @ core ---
[INFO] 
[INFO] --------------< site.ycsb:datastore-specific-descriptor >---------------
[INFO] Building Per Datastore Binding descriptor 0.18.0-SNAPSHOT          [3/5]
[INFO] --------------------------------[ jar ]---------------------------------
[INFO] 
[INFO] --- maven-enforcer-plugin:3.0.0-M1:enforce (enforce-maven) @ datastore-specific-descriptor ---
[INFO] 
[INFO] --- maven-checkstyle-plugin:2.16:check (validate) @ datastore-specific-descriptor ---
[INFO] 
[INFO] --- maven-resources-plugin:2.6:resources (default-resources) @ datastore-specific-descriptor ---
[INFO] Using 'UTF-8' encoding to copy filtered resources.
[INFO] Copying 1 resource
[INFO] 
[INFO] --- maven-compiler-plugin:3.7.0:compile (default-compile) @ datastore-specific-descriptor ---
[INFO] No sources to compile
[INFO] 
[INFO] --- maven-resources-plugin:2.6:testResources (default-testResources) @ datastore-specific-descriptor ---
[INFO] Using 'UTF-8' encoding to copy filtered resources.
[INFO] skip non existing resourceDirectory /users/cgw/YCSB/binding-parent/datastore-specific-descriptor/src/test/resources
[INFO] 
[INFO] --- maven-compiler-plugin:3.7.0:testCompile (default-testCompile) @ datastore-specific-descriptor ---
[INFO] No sources to compile
[INFO] 
[INFO] --- maven-surefire-plugin:2.12.4:test (default-test) @ datastore-specific-descriptor ---
[INFO] Tests are skipped.
[INFO] 
[INFO] --- maven-jar-plugin:2.4:jar (default-jar) @ datastore-specific-descriptor ---
[INFO] 
[INFO] --- maven-dependency-plugin:2.8:list (default-cli) @ datastore-specific-descriptor ---
[INFO] 
[INFO] ----------------------< site.ycsb:binding-parent >----------------------
[INFO] Building YCSB Datastore Binding Parent 0.18.0-SNAPSHOT             [4/5]
[INFO] --------------------------------[ pom ]---------------------------------
[INFO] 
[INFO] --- maven-enforcer-plugin:3.0.0-M1:enforce (enforce-maven) @ binding-parent ---
[INFO] 
[INFO] --- maven-checkstyle-plugin:2.16:check (validate) @ binding-parent ---
[INFO] 
[INFO] --- maven-dependency-plugin:2.10:copy-dependencies (stage-dependencies) @ binding-parent ---
[INFO] 
[INFO] --- maven-dependency-plugin:2.10:list (default-cli) @ binding-parent ---
[INFO] 
[INFO] ----------------------< site.ycsb:redis-binding >-----------------------
[INFO] Building Redis DB Binding 0.18.0-SNAPSHOT                          [5/5]
[INFO] --------------------------------[ jar ]---------------------------------
[INFO] 
[INFO] --- maven-enforcer-plugin:3.0.0-M1:enforce (enforce-maven) @ redis-binding ---
[INFO] 
[INFO] --- maven-checkstyle-plugin:2.16:check (validate) @ redis-binding ---
[INFO] 
[INFO] --- maven-resources-plugin:2.6:resources (default-resources) @ redis-binding ---
[INFO] Using 'UTF-8' encoding to copy filtered resources.
[INFO] skip non existing resourceDirectory /users/cgw/YCSB/redis/src/main/resources
[INFO] 
[INFO] --- maven-compiler-plugin:3.7.0:compile (default-compile) @ redis-binding ---
[INFO] Changes detected - recompiling the module!
[INFO] Compiling 2 source files to /users/cgw/YCSB/redis/target/classes
[INFO] 
[INFO] --- maven-resources-plugin:2.6:testResources (default-testResources) @ redis-binding ---
[INFO] Using 'UTF-8' encoding to copy filtered resources.
[INFO] skip non existing resourceDirectory /users/cgw/YCSB/redis/src/test/resources
[INFO] 
[INFO] --- maven-compiler-plugin:3.7.0:testCompile (default-testCompile) @ redis-binding ---
[INFO] No sources to compile
[INFO] 
[INFO] --- maven-surefire-plugin:2.12.4:test (default-test) @ redis-binding ---
[INFO] Tests are skipped.
[INFO] 
[INFO] --- maven-jar-plugin:2.4:jar (default-jar) @ redis-binding ---
[INFO] Building jar: /users/cgw/YCSB/redis/target/redis-binding-0.18.0-SNAPSHOT.jar
[INFO] 
[INFO] --- maven-dependency-plugin:2.10:copy-dependencies (stage-dependencies) @ redis-binding ---
[INFO] redis.clients:jedis:jar:2.9.0 already exists in destination.
[INFO] org.apache.commons:commons-pool2:jar:2.4.2 already exists in destination.
[INFO] 
[INFO] --- maven-assembly-plugin:2.5.5:single (default) @ redis-binding ---
[WARNING] The following patterns were never triggered in this artifact exclusion filter:
o  '*:sources'

[INFO] Building tar: /users/cgw/YCSB/redis/target/ycsb-redis-binding-0.18.0-SNAPSHOT.tar.gz
[INFO] 
[INFO] --- maven-dependency-plugin:2.10:list (default-cli) @ redis-binding ---
[INFO] ------------------------------------------------------------------------
[INFO] Reactor Summary for YCSB Root 0.18.0-SNAPSHOT:
[INFO] 
[INFO] YCSB Root .......................................... SUCCESS [  1.405 s]
[INFO] Core YCSB .......................................... SUCCESS [  2.520 s]
[INFO] Per Datastore Binding descriptor ................... SUCCESS [  0.170 s]
[INFO] YCSB Datastore Binding Parent ...................... SUCCESS [  0.371 s]
[INFO] Redis DB Binding ................................... SUCCESS [  0.744 s]
[INFO] ------------------------------------------------------------------------
[INFO] BUILD SUCCESS
[INFO] ------------------------------------------------------------------------
[INFO] Total time:  5.666 s
[INFO] Finished at: 2025-04-04T16:10:35Z
[INFO] ------------------------------------------------------------------------
java -cp /users/cgw/YCSB/redis/conf:/users/cgw/YCSB/redis/target/redis-binding-0.18.0-SNAPSHOT.jar:/root/.m2/repository/org/apache/htrace/htrace-core4/4.1.0-incubating/htrace-core4-4.1.0-incubating.jar:/root/.m2/repository/org/hdrhistogram/HdrHistogram/2.1.12/HdrHistogram-2.1.12.jar:/root/.m2/repository/org/codehaus/jackson/jackson-mapper-asl/1.9.4/jackson-mapper-asl-1.9.4.jar:/root/.m2/repository/redis/clients/jedis/2.9.0/jedis-2.9.0.jar:/root/.m2/repository/org/apache/commons/commons-pool2/2.4.2/commons-pool2-2.4.2.jar:/root/.m2/repository/org/codehaus/jackson/jackson-core-asl/1.9.4/jackson-core-asl-1.9.4.jar:/users/cgw/YCSB/core/target/core-0.18.0-SNAPSHOT.jar site.ycsb.Client -db site.ycsb.db.RedisClient -P workloads/workloadb -P /users/cgw/Pond/redis/redis-run2.properties -p redis.host=localhost -p requestdistribution=uniform -p threadcount=1024 -p measurement.raw.output_file=/users/cgw/Pond/tdata/REDIS///workloadb/L0-uniform-1024t-1.rawlat -t
Command line: -db site.ycsb.db.RedisClient -P workloads/workloadb -P /users/cgw/Pond/redis/redis-run2.properties -p redis.host=localhost -p requestdistribution=uniform -p threadcount=1024 -p measurement.raw.output_file=/users/cgw/Pond/tdata/REDIS///workloadb/L0-uniform-1024t-1.rawlat -t
YCSB Client 0.18.0-SNAPSHOT

Loading workload...
Starting test.
DBWrapper: report latency for each error is false and specific error codes to track for latency are: []
Maximum execution time specified as: 120 secs
Maximum time elapsed. Requesting stop for the workload.
Stop requested for workload. Now Joining!
[OVERALL], RunTime(ms), 120312
[OVERALL], Throughput(ops/sec), 74405.83649178802
[TOTAL_GCS_G1_Young_Generation], Count, 12
[TOTAL_GC_TIME_G1_Young_Generation], Time(ms), 56
[TOTAL_GC_TIME_%_G1_Young_Generation], Time(%), 0.04654564798191369
[TOTAL_GCS_G1_Concurrent_GC], Count, 0
[TOTAL_GC_TIME_G1_Concurrent_GC], Time(ms), 0
[TOTAL_GC_TIME_%_G1_Concurrent_GC], Time(%), 0.0
[TOTAL_GCS_G1_Old_Generation], Count, 0
[TOTAL_GC_TIME_G1_Old_Generation], Time(ms), 0
[TOTAL_GC_TIME_%_G1_Old_Generation], Time(%), 0.0
[TOTAL_GCs], Count, 12
[TOTAL_GC_TIME], Time(ms), 56
[TOTAL_GC_TIME_%], Time(%), 0.04654564798191369
[READ], Operations, 7031362
[READ], AverageLatency(us), 13734.771135521112
[READ], MinLatency(us), 58
[READ], MaxLatency(us), 444159
[READ], 5thPercentileLatency(us), 12847
[READ], 10thPercentileLatency(us), 13167
[READ], 15thPercentileLatency(us), 13255
[READ], 20thPercentileLatency(us), 13295
[READ], 25thPercentileLatency(us), 13335
[READ], 30thPercentileLatency(us), 13367
[READ], 35thPercentileLatency(us), 13399
[READ], 40thPercentileLatency(us), 13439
[READ], 45thPercentileLatency(us), 13487
[READ], 50thPercentileLatency(us), 13583
[READ], 55thPercentileLatency(us), 13711
[READ], 60thPercentileLatency(us), 13775
[READ], 65thPercentileLatency(us), 13823
[READ], 70thPercentileLatency(us), 13871
[READ], 75thPercentileLatency(us), 13927
[READ], 80thPercentileLatency(us), 13999
[READ], 85thPercentileLatency(us), 14111
[READ], 90thPercentileLatency(us), 14319
[READ], 95thPercentileLatency(us), 14887
[READ], 99thPercentileLatency(us), 15855
[READ], 99.9PercentileLatency(us), 27535
[READ], 99.99PercentileLatency(us), 123647
[READ], 99.999PercentileLatency(us), 339967
[READ], 100thPercentileLatency(us), 444159
[READ], Return=OK, 7031362
[READ], Return=ERROR, 1472087
[CLEANUP], Operations, 1024
[CLEANUP], AverageLatency(us), 642.6474609375
[CLEANUP], MinLatency(us), 27
[CLEANUP], MaxLatency(us), 12471
[CLEANUP], 5thPercentileLatency(us), 31
[CLEANUP], 10thPercentileLatency(us), 32
[CLEANUP], 15thPercentileLatency(us), 33
[CLEANUP], 20thPercentileLatency(us), 33
[CLEANUP], 25thPercentileLatency(us), 34
[CLEANUP], 30thPercentileLatency(us), 34
[CLEANUP], 35thPercentileLatency(us), 34
[CLEANUP], 40thPercentileLatency(us), 35
[CLEANUP], 45thPercentileLatency(us), 35
[CLEANUP], 50thPercentileLatency(us), 36
[CLEANUP], 55thPercentileLatency(us), 37
[CLEANUP], 60thPercentileLatency(us), 38
[CLEANUP], 65thPercentileLatency(us), 39
[CLEANUP], 70thPercentileLatency(us), 40
[CLEANUP], 75thPercentileLatency(us), 42
[CLEANUP], 80thPercentileLatency(us), 45
[CLEANUP], 85thPercentileLatency(us), 99
[CLEANUP], 90thPercentileLatency(us), 1180
[CLEANUP], 95thPercentileLatency(us), 3785
[CLEANUP], 99thPercentileLatency(us), 12015
[CLEANUP], 99.9PercentileLatency(us), 12471
[CLEANUP], 99.99PercentileLatency(us), 12471
[CLEANUP], 99.999PercentileLatency(us), 12471
[CLEANUP], 100thPercentileLatency(us), 12471
[READ-FAILED], Operations, 1472087
[READ-FAILED], AverageLatency(us), 13736.843222581274
[READ-FAILED], MinLatency(us), 50
[READ-FAILED], MaxLatency(us), 444159
[READ-FAILED], 5thPercentileLatency(us), 12855
[READ-FAILED], 10thPercentileLatency(us), 13167
[READ-FAILED], 15thPercentileLatency(us), 13247
[READ-FAILED], 20thPercentileLatency(us), 13295
[READ-FAILED], 25thPercentileLatency(us), 13335
[READ-FAILED], 30thPercentileLatency(us), 13367
[READ-FAILED], 35thPercentileLatency(us), 13399
[READ-FAILED], 40thPercentileLatency(us), 13431
[READ-FAILED], 45thPercentileLatency(us), 13487
[READ-FAILED], 50thPercentileLatency(us), 13591
[READ-FAILED], 55thPercentileLatency(us), 13711
[READ-FAILED], 60thPercentileLatency(us), 13775
[READ-FAILED], 65thPercentileLatency(us), 13823
[READ-FAILED], 70thPercentileLatency(us), 13871
[READ-FAILED], 75thPercentileLatency(us), 13927
[READ-FAILED], 80thPercentileLatency(us), 13999
[READ-FAILED], 85thPercentileLatency(us), 14111
[READ-FAILED], 90thPercentileLatency(us), 14319
[READ-FAILED], 95thPercentileLatency(us), 14879
[READ-FAILED], 99thPercentileLatency(us), 15855
[READ-FAILED], 99.9PercentileLatency(us), 27551
[READ-FAILED], 99.99PercentileLatency(us), 124095
[READ-FAILED], 99.999PercentileLatency(us), 340223
[READ-FAILED], 100thPercentileLatency(us), 444159
[UPDATE], Operations, 448466
[UPDATE], AverageLatency(us), 13744.399894306369
[UPDATE], MinLatency(us), 188
[UPDATE], MaxLatency(us), 384511
[UPDATE], 5thPercentileLatency(us), 12855
[UPDATE], 10thPercentileLatency(us), 13167
[UPDATE], 15thPercentileLatency(us), 13255
[UPDATE], 20thPercentileLatency(us), 13303
[UPDATE], 25thPercentileLatency(us), 13335
[UPDATE], 30thPercentileLatency(us), 13367
[UPDATE], 35thPercentileLatency(us), 13399
[UPDATE], 40thPercentileLatency(us), 13439
[UPDATE], 45thPercentileLatency(us), 13487
[UPDATE], 50thPercentileLatency(us), 13591
[UPDATE], 55thPercentileLatency(us), 13711
[UPDATE], 60thPercentileLatency(us), 13775
[UPDATE], 65thPercentileLatency(us), 13831
[UPDATE], 70thPercentileLatency(us), 13879
[UPDATE], 75thPercentileLatency(us), 13935
[UPDATE], 80thPercentileLatency(us), 14007
[UPDATE], 85thPercentileLatency(us), 14119
[UPDATE], 90thPercentileLatency(us), 14327
[UPDATE], 95thPercentileLatency(us), 14911
[UPDATE], 99thPercentileLatency(us), 15879
[UPDATE], 99.9PercentileLatency(us), 27711
[UPDATE], 99.99PercentileLatency(us), 123583
[UPDATE], 99.999PercentileLatency(us), 237823
[UPDATE], 100thPercentileLatency(us), 384511
[UPDATE], Return=OK, 448466
