[WARN]  Running against a source checkout. In order to get our runtime dependencies we'll have to invoke Maven. Depending on the state of your system, this may take ~30-45 seconds
[DEBUG]  Running 'mvn -B -pl site.ycsb:redis-binding -am package -DskipTests dependency:list -DoutputAbsoluteArtifactFilename -DappendOutput=false -DoutputFile=/tmp/tmpyaqhm56n'
[INFO] Scanning for projects...
[INFO] ------------------------------------------------------------------------
[INFO] Reactor Build Order:
[INFO] 
[INFO] YCSB Root                                                          [pom]
[INFO] Core YCSB                                                          [jar]
[INFO] Per Datastore Binding descriptor                                   [jar]
[INFO] YCSB Datastore Binding Parent                                      [pom]
[INFO] Redis DB Binding                                                   [jar]
[INFO] 
[INFO] ---------------------------< site.ycsb:root >---------------------------
[INFO] Building YCSB Root 0.18.0-SNAPSHOT                                 [1/5]
[INFO] --------------------------------[ pom ]---------------------------------
[INFO] 
[INFO] --- maven-enforcer-plugin:3.0.0-M1:enforce (enforce-maven) @ root ---
[INFO] 
[INFO] --- maven-checkstyle-plugin:2.16:check (validate) @ root ---
[INFO] 
[INFO] --- maven-dependency-plugin:2.8:list (default-cli) @ root ---
[INFO] 
[INFO] ---------------------------< site.ycsb:core >---------------------------
[INFO] Building Core YCSB 0.18.0-SNAPSHOT                                 [2/5]
[INFO] --------------------------------[ jar ]---------------------------------
[INFO] 
[INFO] --- maven-enforcer-plugin:3.0.0-M1:enforce (enforce-maven) @ core ---
[INFO] 
[INFO] --- maven-checkstyle-plugin:2.16:check (validate) @ core ---
[INFO] 
[INFO] --- maven-resources-plugin:2.6:resources (default-resources) @ core ---
[INFO] Using 'UTF-8' encoding to copy filtered resources.
[INFO] Copying 1 resource
[INFO] 
[INFO] --- maven-compiler-plugin:3.7.0:compile (default-compile) @ core ---
[INFO] Changes detected - recompiling the module!
[INFO] Compiling 63 source files to /users/cgw/YCSB/core/target/classes
[INFO] /users/cgw/YCSB/core/src/main/java/site/ycsb/DBFactory.java: Some input files use or override a deprecated API.
[INFO] /users/cgw/YCSB/core/src/main/java/site/ycsb/DBFactory.java: Recompile with -Xlint:deprecation for details.
[INFO] 
[INFO] --- maven-resources-plugin:2.6:testResources (default-testResources) @ core ---
[INFO] Using 'UTF-8' encoding to copy filtered resources.
[INFO] skip non existing resourceDirectory /users/cgw/YCSB/core/src/test/resources
[INFO] 
[INFO] --- maven-compiler-plugin:3.7.0:testCompile (default-testCompile) @ core ---
[INFO] Nothing to compile - all classes are up to date
[INFO] 
[INFO] --- maven-surefire-plugin:2.12.4:test (default-test) @ core ---
[INFO] Tests are skipped.
[INFO] 
[INFO] --- maven-jar-plugin:2.4:jar (default-jar) @ core ---
[INFO] Building jar: /users/cgw/YCSB/core/target/core-0.18.0-SNAPSHOT.jar
[INFO] 
[INFO] --- maven-dependency-plugin:2.8:list (default-cli) @ core ---
[INFO] 
[INFO] --------------< site.ycsb:datastore-specific-descriptor >---------------
[INFO] Building Per Datastore Binding descriptor 0.18.0-SNAPSHOT          [3/5]
[INFO] --------------------------------[ jar ]---------------------------------
[INFO] 
[INFO] --- maven-enforcer-plugin:3.0.0-M1:enforce (enforce-maven) @ datastore-specific-descriptor ---
[INFO] 
[INFO] --- maven-checkstyle-plugin:2.16:check (validate) @ datastore-specific-descriptor ---
[INFO] 
[INFO] --- maven-resources-plugin:2.6:resources (default-resources) @ datastore-specific-descriptor ---
[INFO] Using 'UTF-8' encoding to copy filtered resources.
[INFO] Copying 1 resource
[INFO] 
[INFO] --- maven-compiler-plugin:3.7.0:compile (default-compile) @ datastore-specific-descriptor ---
[INFO] No sources to compile
[INFO] 
[INFO] --- maven-resources-plugin:2.6:testResources (default-testResources) @ datastore-specific-descriptor ---
[INFO] Using 'UTF-8' encoding to copy filtered resources.
[INFO] skip non existing resourceDirectory /users/cgw/YCSB/binding-parent/datastore-specific-descriptor/src/test/resources
[INFO] 
[INFO] --- maven-compiler-plugin:3.7.0:testCompile (default-testCompile) @ datastore-specific-descriptor ---
[INFO] No sources to compile
[INFO] 
[INFO] --- maven-surefire-plugin:2.12.4:test (default-test) @ datastore-specific-descriptor ---
[INFO] Tests are skipped.
[INFO] 
[INFO] --- maven-jar-plugin:2.4:jar (default-jar) @ datastore-specific-descriptor ---
[INFO] 
[INFO] --- maven-dependency-plugin:2.8:list (default-cli) @ datastore-specific-descriptor ---
[INFO] 
[INFO] ----------------------< site.ycsb:binding-parent >----------------------
[INFO] Building YCSB Datastore Binding Parent 0.18.0-SNAPSHOT             [4/5]
[INFO] --------------------------------[ pom ]---------------------------------
[INFO] 
[INFO] --- maven-enforcer-plugin:3.0.0-M1:enforce (enforce-maven) @ binding-parent ---
[INFO] 
[INFO] --- maven-checkstyle-plugin:2.16:check (validate) @ binding-parent ---
[INFO] 
[INFO] --- maven-dependency-plugin:2.10:copy-dependencies (stage-dependencies) @ binding-parent ---
[INFO] 
[INFO] --- maven-dependency-plugin:2.10:list (default-cli) @ binding-parent ---
[INFO] 
[INFO] ----------------------< site.ycsb:redis-binding >-----------------------
[INFO] Building Redis DB Binding 0.18.0-SNAPSHOT                          [5/5]
[INFO] --------------------------------[ jar ]---------------------------------
[INFO] 
[INFO] --- maven-enforcer-plugin:3.0.0-M1:enforce (enforce-maven) @ redis-binding ---
[INFO] 
[INFO] --- maven-checkstyle-plugin:2.16:check (validate) @ redis-binding ---
[INFO] 
[INFO] --- maven-resources-plugin:2.6:resources (default-resources) @ redis-binding ---
[INFO] Using 'UTF-8' encoding to copy filtered resources.
[INFO] skip non existing resourceDirectory /users/cgw/YCSB/redis/src/main/resources
[INFO] 
[INFO] --- maven-compiler-plugin:3.7.0:compile (default-compile) @ redis-binding ---
[INFO] Changes detected - recompiling the module!
[INFO] Compiling 2 source files to /users/cgw/YCSB/redis/target/classes
[INFO] 
[INFO] --- maven-resources-plugin:2.6:testResources (default-testResources) @ redis-binding ---
[INFO] Using 'UTF-8' encoding to copy filtered resources.
[INFO] skip non existing resourceDirectory /users/cgw/YCSB/redis/src/test/resources
[INFO] 
[INFO] --- maven-compiler-plugin:3.7.0:testCompile (default-testCompile) @ redis-binding ---
[INFO] No sources to compile
[INFO] 
[INFO] --- maven-surefire-plugin:2.12.4:test (default-test) @ redis-binding ---
[INFO] Tests are skipped.
[INFO] 
[INFO] --- maven-jar-plugin:2.4:jar (default-jar) @ redis-binding ---
[INFO] Building jar: /users/cgw/YCSB/redis/target/redis-binding-0.18.0-SNAPSHOT.jar
[INFO] 
[INFO] --- maven-dependency-plugin:2.10:copy-dependencies (stage-dependencies) @ redis-binding ---
[INFO] redis.clients:jedis:jar:2.9.0 already exists in destination.
[INFO] org.apache.commons:commons-pool2:jar:2.4.2 already exists in destination.
[INFO] 
[INFO] --- maven-assembly-plugin:2.5.5:single (default) @ redis-binding ---
[WARNING] The following patterns were never triggered in this artifact exclusion filter:
o  '*:sources'

[INFO] Building tar: /users/cgw/YCSB/redis/target/ycsb-redis-binding-0.18.0-SNAPSHOT.tar.gz
[INFO] 
[INFO] --- maven-dependency-plugin:2.10:list (default-cli) @ redis-binding ---
[INFO] ------------------------------------------------------------------------
[INFO] Reactor Summary for YCSB Root 0.18.0-SNAPSHOT:
[INFO] 
[INFO] YCSB Root .......................................... SUCCESS [  1.377 s]
[INFO] Core YCSB .......................................... SUCCESS [  2.441 s]
[INFO] Per Datastore Binding descriptor ................... SUCCESS [  0.167 s]
[INFO] YCSB Datastore Binding Parent ...................... SUCCESS [  0.354 s]
[INFO] Redis DB Binding ................................... SUCCESS [  0.723 s]
[INFO] ------------------------------------------------------------------------
[INFO] BUILD SUCCESS
[INFO] ------------------------------------------------------------------------
[INFO] Total time:  5.516 s
[INFO] Finished at: 2025-04-04T15:45:37Z
[INFO] ------------------------------------------------------------------------
java -cp /users/cgw/YCSB/redis/conf:/users/cgw/YCSB/redis/target/redis-binding-0.18.0-SNAPSHOT.jar:/root/.m2/repository/org/apache/htrace/htrace-core4/4.1.0-incubating/htrace-core4-4.1.0-incubating.jar:/root/.m2/repository/org/hdrhistogram/HdrHistogram/2.1.12/HdrHistogram-2.1.12.jar:/root/.m2/repository/org/codehaus/jackson/jackson-mapper-asl/1.9.4/jackson-mapper-asl-1.9.4.jar:/root/.m2/repository/redis/clients/jedis/2.9.0/jedis-2.9.0.jar:/root/.m2/repository/org/apache/commons/commons-pool2/2.4.2/commons-pool2-2.4.2.jar:/root/.m2/repository/org/codehaus/jackson/jackson-core-asl/1.9.4/jackson-core-asl-1.9.4.jar:/users/cgw/YCSB/core/target/core-0.18.0-SNAPSHOT.jar site.ycsb.Client -db site.ycsb.db.RedisClient -P workloads/workloada -P /users/cgw/Pond/redis/redis-run2.properties -p redis.host=localhost -p requestdistribution=uniform -p threadcount=1024 -p measurement.raw.output_file=/users/cgw/Pond/tdata/REDIS///workloada/50-uniform-1024t-1.rawlat -t
Command line: -db site.ycsb.db.RedisClient -P workloads/workloada -P /users/cgw/Pond/redis/redis-run2.properties -p redis.host=localhost -p requestdistribution=uniform -p threadcount=1024 -p measurement.raw.output_file=/users/cgw/Pond/tdata/REDIS///workloada/50-uniform-1024t-1.rawlat -t
YCSB Client 0.18.0-SNAPSHOT

Loading workload...
Starting test.
DBWrapper: report latency for each error is false and specific error codes to track for latency are: []
Maximum execution time specified as: 120 secs
Maximum time elapsed. Requesting stop for the workload.
Stop requested for workload. Now Joining!
[OVERALL], RunTime(ms), 120370
[OVERALL], Throughput(ops/sec), 77667.89067043283
[TOTAL_GCS_G1_Young_Generation], Count, 13
[TOTAL_GC_TIME_G1_Young_Generation], Time(ms), 50
[TOTAL_GC_TIME_%_G1_Young_Generation], Time(%), 0.04153858934950569
[TOTAL_GCS_G1_Concurrent_GC], Count, 0
[TOTAL_GC_TIME_G1_Concurrent_GC], Time(ms), 0
[TOTAL_GC_TIME_%_G1_Concurrent_GC], Time(%), 0.0
[TOTAL_GCS_G1_Old_Generation], Count, 0
[TOTAL_GC_TIME_G1_Old_Generation], Time(ms), 0
[TOTAL_GC_TIME_%_G1_Old_Generation], Time(%), 0.0
[TOTAL_GCs], Count, 13
[TOTAL_GC_TIME], Time(ms), 50
[TOTAL_GC_TIME_%], Time(%), 0.04153858934950569
[READ], Operations, 3861124
[READ], AverageLatency(us), 13149.012931726616
[READ], MinLatency(us), 133
[READ], MaxLatency(us), 358399
[READ], 5thPercentileLatency(us), 12247
[READ], 10thPercentileLatency(us), 12343
[READ], 15thPercentileLatency(us), 12439
[READ], 20thPercentileLatency(us), 12511
[READ], 25thPercentileLatency(us), 12559
[READ], 30thPercentileLatency(us), 12623
[READ], 35thPercentileLatency(us), 12687
[READ], 40thPercentileLatency(us), 12743
[READ], 45thPercentileLatency(us), 12791
[READ], 50thPercentileLatency(us), 12839
[READ], 55thPercentileLatency(us), 12903
[READ], 60thPercentileLatency(us), 12967
[READ], 65thPercentileLatency(us), 13047
[READ], 70thPercentileLatency(us), 13135
[READ], 75thPercentileLatency(us), 13295
[READ], 80thPercentileLatency(us), 13519
[READ], 85thPercentileLatency(us), 13807
[READ], 90thPercentileLatency(us), 14239
[READ], 95thPercentileLatency(us), 14991
[READ], 99thPercentileLatency(us), 17535
[READ], 99.9PercentileLatency(us), 26159
[READ], 99.99PercentileLatency(us), 108671
[READ], 99.999PercentileLatency(us), 235263
[READ], 100thPercentileLatency(us), 358399
[READ], Return=OK, 3861124
[READ], Return=ERROR, 815164
[CLEANUP], Operations, 1024
[CLEANUP], AverageLatency(us), 828.7490234375
[CLEANUP], MinLatency(us), 27
[CLEANUP], MaxLatency(us), 15127
[CLEANUP], 5thPercentileLatency(us), 31
[CLEANUP], 10thPercentileLatency(us), 32
[CLEANUP], 15thPercentileLatency(us), 32
[CLEANUP], 20thPercentileLatency(us), 33
[CLEANUP], 25thPercentileLatency(us), 33
[CLEANUP], 30thPercentileLatency(us), 33
[CLEANUP], 35thPercentileLatency(us), 34
[CLEANUP], 40thPercentileLatency(us), 34
[CLEANUP], 45thPercentileLatency(us), 34
[CLEANUP], 50thPercentileLatency(us), 34
[CLEANUP], 55thPercentileLatency(us), 35
[CLEANUP], 60thPercentileLatency(us), 36
[CLEANUP], 65thPercentileLatency(us), 36
[CLEANUP], 70thPercentileLatency(us), 38
[CLEANUP], 75thPercentileLatency(us), 39
[CLEANUP], 80thPercentileLatency(us), 41
[CLEANUP], 85thPercentileLatency(us), 49
[CLEANUP], 90thPercentileLatency(us), 368
[CLEANUP], 95thPercentileLatency(us), 8567
[CLEANUP], 99thPercentileLatency(us), 13095
[CLEANUP], 99.9PercentileLatency(us), 15127
[CLEANUP], 99.99PercentileLatency(us), 15127
[CLEANUP], 99.999PercentileLatency(us), 15127
[CLEANUP], 100thPercentileLatency(us), 15127
[UPDATE], Operations, 4672596
[UPDATE], AverageLatency(us), 13156.006896594527
[UPDATE], MinLatency(us), 175
[UPDATE], MaxLatency(us), 358399
[UPDATE], 5thPercentileLatency(us), 12239
[UPDATE], 10thPercentileLatency(us), 12335
[UPDATE], 15thPercentileLatency(us), 12431
[UPDATE], 20thPercentileLatency(us), 12503
[UPDATE], 25thPercentileLatency(us), 12559
[UPDATE], 30thPercentileLatency(us), 12615
[UPDATE], 35thPercentileLatency(us), 12679
[UPDATE], 40thPercentileLatency(us), 12735
[UPDATE], 45thPercentileLatency(us), 12791
[UPDATE], 50thPercentileLatency(us), 12839
[UPDATE], 55thPercentileLatency(us), 12903
[UPDATE], 60thPercentileLatency(us), 12975
[UPDATE], 65thPercentileLatency(us), 13047
[UPDATE], 70thPercentileLatency(us), 13143
[UPDATE], 75thPercentileLatency(us), 13311
[UPDATE], 80thPercentileLatency(us), 13527
[UPDATE], 85thPercentileLatency(us), 13823
[UPDATE], 90thPercentileLatency(us), 14247
[UPDATE], 95thPercentileLatency(us), 15039
[UPDATE], 99thPercentileLatency(us), 17615
[UPDATE], 99.9PercentileLatency(us), 26367
[UPDATE], 99.99PercentileLatency(us), 108607
[UPDATE], 99.999PercentileLatency(us), 235391
[UPDATE], 100thPercentileLatency(us), 358399
[UPDATE], Return=OK, 4672596
[READ-FAILED], Operations, 815164
[READ-FAILED], AverageLatency(us), 13172.00959806861
[READ-FAILED], MinLatency(us), 121
[READ-FAILED], MaxLatency(us), 354815
[READ-FAILED], 5thPercentileLatency(us), 12207
[READ-FAILED], 10thPercentileLatency(us), 12311
[READ-FAILED], 15thPercentileLatency(us), 12399
[READ-FAILED], 20thPercentileLatency(us), 12479
[READ-FAILED], 25thPercentileLatency(us), 12535
[READ-FAILED], 30thPercentileLatency(us), 12599
[READ-FAILED], 35thPercentileLatency(us), 12663
[READ-FAILED], 40thPercentileLatency(us), 12735
[READ-FAILED], 45thPercentileLatency(us), 12791
[READ-FAILED], 50thPercentileLatency(us), 12855
[READ-FAILED], 55thPercentileLatency(us), 12919
[READ-FAILED], 60thPercentileLatency(us), 12991
[READ-FAILED], 65thPercentileLatency(us), 13079
[READ-FAILED], 70thPercentileLatency(us), 13183
[READ-FAILED], 75thPercentileLatency(us), 13351
[READ-FAILED], 80thPercentileLatency(us), 13567
[READ-FAILED], 85thPercentileLatency(us), 13879
[READ-FAILED], 90thPercentileLatency(us), 14287
[READ-FAILED], 95thPercentileLatency(us), 15175
[READ-FAILED], 99thPercentileLatency(us), 17663
[READ-FAILED], 99.9PercentileLatency(us), 26367
[READ-FAILED], 99.99PercentileLatency(us), 109247
[READ-FAILED], 99.999PercentileLatency(us), 307967
[READ-FAILED], 100thPercentileLatency(us), 354815
