[WARN]  Running against a source checkout. In order to get our runtime dependencies we'll have to invoke Maven. Depending on the state of your system, this may take ~30-45 seconds
[DEBUG]  Running 'mvn -B -pl site.ycsb:redis-binding -am package -DskipTests dependency:list -DoutputAbsoluteArtifactFilename -DappendOutput=false -DoutputFile=/tmp/tmpi3uiupwu'
[INFO] Scanning for projects...
[INFO] ------------------------------------------------------------------------
[INFO] Reactor Build Order:
[INFO] 
[INFO] YCSB Root                                                          [pom]
[INFO] Core YCSB                                                          [jar]
[INFO] Per Datastore Binding descriptor                                   [jar]
[INFO] YCSB Datastore Binding Parent                                      [pom]
[INFO] Redis DB Binding                                                   [jar]
[INFO] 
[INFO] ---------------------------< site.ycsb:root >---------------------------
[INFO] Building YCSB Root 0.18.0-SNAPSHOT                                 [1/5]
[INFO] --------------------------------[ pom ]---------------------------------
[INFO] 
[INFO] --- maven-enforcer-plugin:3.0.0-M1:enforce (enforce-maven) @ root ---
[INFO] 
[INFO] --- maven-checkstyle-plugin:2.16:check (validate) @ root ---
[INFO] 
[INFO] --- maven-dependency-plugin:2.8:list (default-cli) @ root ---
[INFO] 
[INFO] ---------------------------< site.ycsb:core >---------------------------
[INFO] Building Core YCSB 0.18.0-SNAPSHOT                                 [2/5]
[INFO] --------------------------------[ jar ]---------------------------------
[INFO] 
[INFO] --- maven-enforcer-plugin:3.0.0-M1:enforce (enforce-maven) @ core ---
[INFO] 
[INFO] --- maven-checkstyle-plugin:2.16:check (validate) @ core ---
[INFO] 
[INFO] --- maven-resources-plugin:2.6:resources (default-resources) @ core ---
[INFO] Using 'UTF-8' encoding to copy filtered resources.
[INFO] Copying 1 resource
[INFO] 
[INFO] --- maven-compiler-plugin:3.7.0:compile (default-compile) @ core ---
[INFO] Changes detected - recompiling the module!
[INFO] Compiling 63 source files to /users/cgw/YCSB/core/target/classes
[INFO] /users/cgw/YCSB/core/src/main/java/site/ycsb/DBFactory.java: Some input files use or override a deprecated API.
[INFO] /users/cgw/YCSB/core/src/main/java/site/ycsb/DBFactory.java: Recompile with -Xlint:deprecation for details.
[INFO] 
[INFO] --- maven-resources-plugin:2.6:testResources (default-testResources) @ core ---
[INFO] Using 'UTF-8' encoding to copy filtered resources.
[INFO] skip non existing resourceDirectory /users/cgw/YCSB/core/src/test/resources
[INFO] 
[INFO] --- maven-compiler-plugin:3.7.0:testCompile (default-testCompile) @ core ---
[INFO] Nothing to compile - all classes are up to date
[INFO] 
[INFO] --- maven-surefire-plugin:2.12.4:test (default-test) @ core ---
[INFO] Tests are skipped.
[INFO] 
[INFO] --- maven-jar-plugin:2.4:jar (default-jar) @ core ---
[INFO] Building jar: /users/cgw/YCSB/core/target/core-0.18.0-SNAPSHOT.jar
[INFO] 
[INFO] --- maven-dependency-plugin:2.8:list (default-cli) @ core ---
[INFO] 
[INFO] --------------< site.ycsb:datastore-specific-descriptor >---------------
[INFO] Building Per Datastore Binding descriptor 0.18.0-SNAPSHOT          [3/5]
[INFO] --------------------------------[ jar ]---------------------------------
[INFO] 
[INFO] --- maven-enforcer-plugin:3.0.0-M1:enforce (enforce-maven) @ datastore-specific-descriptor ---
[INFO] 
[INFO] --- maven-checkstyle-plugin:2.16:check (validate) @ datastore-specific-descriptor ---
[INFO] 
[INFO] --- maven-resources-plugin:2.6:resources (default-resources) @ datastore-specific-descriptor ---
[INFO] Using 'UTF-8' encoding to copy filtered resources.
[INFO] Copying 1 resource
[INFO] 
[INFO] --- maven-compiler-plugin:3.7.0:compile (default-compile) @ datastore-specific-descriptor ---
[INFO] No sources to compile
[INFO] 
[INFO] --- maven-resources-plugin:2.6:testResources (default-testResources) @ datastore-specific-descriptor ---
[INFO] Using 'UTF-8' encoding to copy filtered resources.
[INFO] skip non existing resourceDirectory /users/cgw/YCSB/binding-parent/datastore-specific-descriptor/src/test/resources
[INFO] 
[INFO] --- maven-compiler-plugin:3.7.0:testCompile (default-testCompile) @ datastore-specific-descriptor ---
[INFO] No sources to compile
[INFO] 
[INFO] --- maven-surefire-plugin:2.12.4:test (default-test) @ datastore-specific-descriptor ---
[INFO] Tests are skipped.
[INFO] 
[INFO] --- maven-jar-plugin:2.4:jar (default-jar) @ datastore-specific-descriptor ---
[INFO] 
[INFO] --- maven-dependency-plugin:2.8:list (default-cli) @ datastore-specific-descriptor ---
[INFO] 
[INFO] ----------------------< site.ycsb:binding-parent >----------------------
[INFO] Building YCSB Datastore Binding Parent 0.18.0-SNAPSHOT             [4/5]
[INFO] --------------------------------[ pom ]---------------------------------
[INFO] 
[INFO] --- maven-enforcer-plugin:3.0.0-M1:enforce (enforce-maven) @ binding-parent ---
[INFO] 
[INFO] --- maven-checkstyle-plugin:2.16:check (validate) @ binding-parent ---
[INFO] 
[INFO] --- maven-dependency-plugin:2.10:copy-dependencies (stage-dependencies) @ binding-parent ---
[INFO] 
[INFO] --- maven-dependency-plugin:2.10:list (default-cli) @ binding-parent ---
[INFO] 
[INFO] ----------------------< site.ycsb:redis-binding >-----------------------
[INFO] Building Redis DB Binding 0.18.0-SNAPSHOT                          [5/5]
[INFO] --------------------------------[ jar ]---------------------------------
[INFO] 
[INFO] --- maven-enforcer-plugin:3.0.0-M1:enforce (enforce-maven) @ redis-binding ---
[INFO] 
[INFO] --- maven-checkstyle-plugin:2.16:check (validate) @ redis-binding ---
[INFO] 
[INFO] --- maven-resources-plugin:2.6:resources (default-resources) @ redis-binding ---
[INFO] Using 'UTF-8' encoding to copy filtered resources.
[INFO] skip non existing resourceDirectory /users/cgw/YCSB/redis/src/main/resources
[INFO] 
[INFO] --- maven-compiler-plugin:3.7.0:compile (default-compile) @ redis-binding ---
[INFO] Changes detected - recompiling the module!
[INFO] Compiling 2 source files to /users/cgw/YCSB/redis/target/classes
[INFO] 
[INFO] --- maven-resources-plugin:2.6:testResources (default-testResources) @ redis-binding ---
[INFO] Using 'UTF-8' encoding to copy filtered resources.
[INFO] skip non existing resourceDirectory /users/cgw/YCSB/redis/src/test/resources
[INFO] 
[INFO] --- maven-compiler-plugin:3.7.0:testCompile (default-testCompile) @ redis-binding ---
[INFO] No sources to compile
[INFO] 
[INFO] --- maven-surefire-plugin:2.12.4:test (default-test) @ redis-binding ---
[INFO] Tests are skipped.
[INFO] 
[INFO] --- maven-jar-plugin:2.4:jar (default-jar) @ redis-binding ---
[INFO] Building jar: /users/cgw/YCSB/redis/target/redis-binding-0.18.0-SNAPSHOT.jar
[INFO] 
[INFO] --- maven-dependency-plugin:2.10:copy-dependencies (stage-dependencies) @ redis-binding ---
[INFO] redis.clients:jedis:jar:2.9.0 already exists in destination.
[INFO] org.apache.commons:commons-pool2:jar:2.4.2 already exists in destination.
[INFO] 
[INFO] --- maven-assembly-plugin:2.5.5:single (default) @ redis-binding ---
[WARNING] The following patterns were never triggered in this artifact exclusion filter:
o  '*:sources'

[INFO] Building tar: /users/cgw/YCSB/redis/target/ycsb-redis-binding-0.18.0-SNAPSHOT.tar.gz
[INFO] 
[INFO] --- maven-dependency-plugin:2.10:list (default-cli) @ redis-binding ---
[INFO] ------------------------------------------------------------------------
[INFO] Reactor Summary for YCSB Root 0.18.0-SNAPSHOT:
[INFO] 
[INFO] YCSB Root .......................................... SUCCESS [  1.377 s]
[INFO] Core YCSB .......................................... SUCCESS [  2.446 s]
[INFO] Per Datastore Binding descriptor ................... SUCCESS [  0.188 s]
[INFO] YCSB Datastore Binding Parent ...................... SUCCESS [  0.380 s]
[INFO] Redis DB Binding ................................... SUCCESS [  0.714 s]
[INFO] ------------------------------------------------------------------------
[INFO] BUILD SUCCESS
[INFO] ------------------------------------------------------------------------
[INFO] Total time:  5.551 s
[INFO] Finished at: 2025-04-04T15:40:23Z
[INFO] ------------------------------------------------------------------------
java -cp /users/cgw/YCSB/redis/conf:/users/cgw/YCSB/redis/target/redis-binding-0.18.0-SNAPSHOT.jar:/root/.m2/repository/org/apache/htrace/htrace-core4/4.1.0-incubating/htrace-core4-4.1.0-incubating.jar:/root/.m2/repository/org/hdrhistogram/HdrHistogram/2.1.12/HdrHistogram-2.1.12.jar:/root/.m2/repository/org/codehaus/jackson/jackson-mapper-asl/1.9.4/jackson-mapper-asl-1.9.4.jar:/root/.m2/repository/redis/clients/jedis/2.9.0/jedis-2.9.0.jar:/root/.m2/repository/org/apache/commons/commons-pool2/2.4.2/commons-pool2-2.4.2.jar:/root/.m2/repository/org/codehaus/jackson/jackson-core-asl/1.9.4/jackson-core-asl-1.9.4.jar:/users/cgw/YCSB/core/target/core-0.18.0-SNAPSHOT.jar site.ycsb.Client -db site.ycsb.db.RedisClient -P workloads/workloada -P /users/cgw/Pond/redis/redis-run2.properties -p redis.host=localhost -p requestdistribution=zipfian -p threadcount=1024 -p measurement.raw.output_file=/users/cgw/Pond/tdata/REDIS///workloada/60-zipfian-1024t-1.rawlat -t
Command line: -db site.ycsb.db.RedisClient -P workloads/workloada -P /users/cgw/Pond/redis/redis-run2.properties -p redis.host=localhost -p requestdistribution=zipfian -p threadcount=1024 -p measurement.raw.output_file=/users/cgw/Pond/tdata/REDIS///workloada/60-zipfian-1024t-1.rawlat -t
YCSB Client 0.18.0-SNAPSHOT

Loading workload...
Starting test.
DBWrapper: report latency for each error is false and specific error codes to track for latency are: []
Maximum execution time specified as: 120 secs
Maximum time elapsed. Requesting stop for the workload.
Stop requested for workload. Now Joining!
[OVERALL], RunTime(ms), 120360
[OVERALL], Throughput(ops/sec), 71692.28148886673
[TOTAL_GCS_G1_Young_Generation], Count, 20
[TOTAL_GC_TIME_G1_Young_Generation], Time(ms), 86
[TOTAL_GC_TIME_%_G1_Young_Generation], Time(%), 0.0714523097374543
[TOTAL_GCS_G1_Concurrent_GC], Count, 0
[TOTAL_GC_TIME_G1_Concurrent_GC], Time(ms), 0
[TOTAL_GC_TIME_%_G1_Concurrent_GC], Time(%), 0.0
[TOTAL_GCS_G1_Old_Generation], Count, 0
[TOTAL_GC_TIME_G1_Old_Generation], Time(ms), 0
[TOTAL_GC_TIME_%_G1_Old_Generation], Time(%), 0.0
[TOTAL_GCs], Count, 20
[TOTAL_GC_TIME], Time(ms), 86
[TOTAL_GC_TIME_%], Time(%), 0.0714523097374543
[READ], Operations, 3942151
[READ], AverageLatency(us), 14250.867462712615
[READ], MinLatency(us), 59
[READ], MaxLatency(us), 502783
[READ], 5thPercentileLatency(us), 13223
[READ], 10thPercentileLatency(us), 13303
[READ], 15thPercentileLatency(us), 13367
[READ], 20thPercentileLatency(us), 13463
[READ], 25thPercentileLatency(us), 13591
[READ], 30thPercentileLatency(us), 13655
[READ], 35thPercentileLatency(us), 13703
[READ], 40thPercentileLatency(us), 13751
[READ], 45thPercentileLatency(us), 13799
[READ], 50thPercentileLatency(us), 13871
[READ], 55thPercentileLatency(us), 14007
[READ], 60thPercentileLatency(us), 14151
[READ], 65thPercentileLatency(us), 14255
[READ], 70thPercentileLatency(us), 14375
[READ], 75thPercentileLatency(us), 14527
[READ], 80thPercentileLatency(us), 14711
[READ], 85thPercentileLatency(us), 14999
[READ], 90thPercentileLatency(us), 15479
[READ], 95thPercentileLatency(us), 16271
[READ], 99thPercentileLatency(us), 18335
[READ], 99.9PercentileLatency(us), 28767
[READ], 99.99PercentileLatency(us), 106943
[READ], 99.999PercentileLatency(us), 368127
[READ], 100thPercentileLatency(us), 502783
[READ], Return=OK, 3942151
[READ], Return=ERROR, 371562
[CLEANUP], Operations, 1024
[CLEANUP], AverageLatency(us), 134.0078125
[CLEANUP], MinLatency(us), 28
[CLEANUP], MaxLatency(us), 5795
[CLEANUP], 5thPercentileLatency(us), 31
[CLEANUP], 10thPercentileLatency(us), 32
[CLEANUP], 15thPercentileLatency(us), 32
[CLEANUP], 20thPercentileLatency(us), 33
[CLEANUP], 25thPercentileLatency(us), 33
[CLEANUP], 30thPercentileLatency(us), 33
[CLEANUP], 35thPercentileLatency(us), 33
[CLEANUP], 40thPercentileLatency(us), 34
[CLEANUP], 45thPercentileLatency(us), 34
[CLEANUP], 50thPercentileLatency(us), 34
[CLEANUP], 55thPercentileLatency(us), 34
[CLEANUP], 60thPercentileLatency(us), 35
[CLEANUP], 65thPercentileLatency(us), 35
[CLEANUP], 70thPercentileLatency(us), 36
[CLEANUP], 75thPercentileLatency(us), 37
[CLEANUP], 80thPercentileLatency(us), 38
[CLEANUP], 85thPercentileLatency(us), 39
[CLEANUP], 90thPercentileLatency(us), 41
[CLEANUP], 95thPercentileLatency(us), 80
[CLEANUP], 99thPercentileLatency(us), 4179
[CLEANUP], 99.9PercentileLatency(us), 5259
[CLEANUP], 99.99PercentileLatency(us), 5795
[CLEANUP], 99.999PercentileLatency(us), 5795
[CLEANUP], 100thPercentileLatency(us), 5795
[UPDATE], Operations, 4315170
[UPDATE], AverageLatency(us), 14255.608178820301
[UPDATE], MinLatency(us), 82
[UPDATE], MaxLatency(us), 503295
[UPDATE], 5thPercentileLatency(us), 13223
[UPDATE], 10thPercentileLatency(us), 13295
[UPDATE], 15thPercentileLatency(us), 13367
[UPDATE], 20thPercentileLatency(us), 13463
[UPDATE], 25thPercentileLatency(us), 13583
[UPDATE], 30thPercentileLatency(us), 13655
[UPDATE], 35thPercentileLatency(us), 13703
[UPDATE], 40thPercentileLatency(us), 13743
[UPDATE], 45thPercentileLatency(us), 13799
[UPDATE], 50thPercentileLatency(us), 13863
[UPDATE], 55thPercentileLatency(us), 14007
[UPDATE], 60thPercentileLatency(us), 14143
[UPDATE], 65thPercentileLatency(us), 14255
[UPDATE], 70thPercentileLatency(us), 14375
[UPDATE], 75thPercentileLatency(us), 14527
[UPDATE], 80thPercentileLatency(us), 14711
[UPDATE], 85thPercentileLatency(us), 15007
[UPDATE], 90thPercentileLatency(us), 15479
[UPDATE], 95thPercentileLatency(us), 16287
[UPDATE], 99thPercentileLatency(us), 18399
[UPDATE], 99.9PercentileLatency(us), 29007
[UPDATE], 99.99PercentileLatency(us), 106879
[UPDATE], 99.999PercentileLatency(us), 396287
[UPDATE], 100thPercentileLatency(us), 503295
[UPDATE], Return=OK, 4315170
[READ-FAILED], Operations, 371562
[READ-FAILED], AverageLatency(us), 14274.49442892438
[READ-FAILED], MinLatency(us), 58
[READ-FAILED], MaxLatency(us), 502783
[READ-FAILED], 5thPercentileLatency(us), 13223
[READ-FAILED], 10thPercentileLatency(us), 13303
[READ-FAILED], 15thPercentileLatency(us), 13375
[READ-FAILED], 20thPercentileLatency(us), 13479
[READ-FAILED], 25thPercentileLatency(us), 13599
[READ-FAILED], 30thPercentileLatency(us), 13663
[READ-FAILED], 35thPercentileLatency(us), 13711
[READ-FAILED], 40thPercentileLatency(us), 13751
[READ-FAILED], 45thPercentileLatency(us), 13807
[READ-FAILED], 50thPercentileLatency(us), 13887
[READ-FAILED], 55thPercentileLatency(us), 14039
[READ-FAILED], 60thPercentileLatency(us), 14167
[READ-FAILED], 65thPercentileLatency(us), 14271
[READ-FAILED], 70thPercentileLatency(us), 14399
[READ-FAILED], 75thPercentileLatency(us), 14551
[READ-FAILED], 80thPercentileLatency(us), 14743
[READ-FAILED], 85thPercentileLatency(us), 15047
[READ-FAILED], 90thPercentileLatency(us), 15511
[READ-FAILED], 95thPercentileLatency(us), 16343
[READ-FAILED], 99thPercentileLatency(us), 18367
[READ-FAILED], 99.9PercentileLatency(us), 28895
[READ-FAILED], 99.99PercentileLatency(us), 107135
[READ-FAILED], 99.999PercentileLatency(us), 435967
[READ-FAILED], 100thPercentileLatency(us), 502783
