[WARN]  Running against a source checkout. In order to get our runtime dependencies we'll have to invoke Maven. Depending on the state of your system, this may take ~30-45 seconds
[DEBUG]  Running 'mvn -B -pl site.ycsb:redis-binding -am package -DskipTests dependency:list -DoutputAbsoluteArtifactFilename -DappendOutput=false -DoutputFile=/tmp/tmpp_445fxp'
[INFO] Scanning for projects...
[INFO] ------------------------------------------------------------------------
[INFO] Reactor Build Order:
[INFO] 
[INFO] YCSB Root                                                          [pom]
[INFO] Core YCSB                                                          [jar]
[INFO] Per Datastore Binding descriptor                                   [jar]
[INFO] YCSB Datastore Binding Parent                                      [pom]
[INFO] Redis DB Binding                                                   [jar]
[INFO] 
[INFO] ---------------------------< site.ycsb:root >---------------------------
[INFO] Building YCSB Root 0.18.0-SNAPSHOT                                 [1/5]
[INFO] --------------------------------[ pom ]---------------------------------
[INFO] 
[INFO] --- maven-enforcer-plugin:3.0.0-M1:enforce (enforce-maven) @ root ---
[INFO] 
[INFO] --- maven-checkstyle-plugin:2.16:check (validate) @ root ---
[INFO] 
[INFO] --- maven-dependency-plugin:2.8:list (default-cli) @ root ---
[INFO] 
[INFO] ---------------------------< site.ycsb:core >---------------------------
[INFO] Building Core YCSB 0.18.0-SNAPSHOT                                 [2/5]
[INFO] --------------------------------[ jar ]---------------------------------
[INFO] 
[INFO] --- maven-enforcer-plugin:3.0.0-M1:enforce (enforce-maven) @ core ---
[INFO] 
[INFO] --- maven-checkstyle-plugin:2.16:check (validate) @ core ---
[INFO] 
[INFO] --- maven-resources-plugin:2.6:resources (default-resources) @ core ---
[INFO] Using 'UTF-8' encoding to copy filtered resources.
[INFO] Copying 1 resource
[INFO] 
[INFO] --- maven-compiler-plugin:3.7.0:compile (default-compile) @ core ---
[INFO] Changes detected - recompiling the module!
[INFO] Compiling 63 source files to /users/cgw/YCSB/core/target/classes
[INFO] /users/cgw/YCSB/core/src/main/java/site/ycsb/DBFactory.java: Some input files use or override a deprecated API.
[INFO] /users/cgw/YCSB/core/src/main/java/site/ycsb/DBFactory.java: Recompile with -Xlint:deprecation for details.
[INFO] 
[INFO] --- maven-resources-plugin:2.6:testResources (default-testResources) @ core ---
[INFO] Using 'UTF-8' encoding to copy filtered resources.
[INFO] skip non existing resourceDirectory /users/cgw/YCSB/core/src/test/resources
[INFO] 
[INFO] --- maven-compiler-plugin:3.7.0:testCompile (default-testCompile) @ core ---
[INFO] Nothing to compile - all classes are up to date
[INFO] 
[INFO] --- maven-surefire-plugin:2.12.4:test (default-test) @ core ---
[INFO] Tests are skipped.
[INFO] 
[INFO] --- maven-jar-plugin:2.4:jar (default-jar) @ core ---
[INFO] Building jar: /users/cgw/YCSB/core/target/core-0.18.0-SNAPSHOT.jar
[INFO] 
[INFO] --- maven-dependency-plugin:2.8:list (default-cli) @ core ---
[INFO] 
[INFO] --------------< site.ycsb:datastore-specific-descriptor >---------------
[INFO] Building Per Datastore Binding descriptor 0.18.0-SNAPSHOT          [3/5]
[INFO] --------------------------------[ jar ]---------------------------------
[INFO] 
[INFO] --- maven-enforcer-plugin:3.0.0-M1:enforce (enforce-maven) @ datastore-specific-descriptor ---
[INFO] 
[INFO] --- maven-checkstyle-plugin:2.16:check (validate) @ datastore-specific-descriptor ---
[INFO] 
[INFO] --- maven-resources-plugin:2.6:resources (default-resources) @ datastore-specific-descriptor ---
[INFO] Using 'UTF-8' encoding to copy filtered resources.
[INFO] Copying 1 resource
[INFO] 
[INFO] --- maven-compiler-plugin:3.7.0:compile (default-compile) @ datastore-specific-descriptor ---
[INFO] No sources to compile
[INFO] 
[INFO] --- maven-resources-plugin:2.6:testResources (default-testResources) @ datastore-specific-descriptor ---
[INFO] Using 'UTF-8' encoding to copy filtered resources.
[INFO] skip non existing resourceDirectory /users/cgw/YCSB/binding-parent/datastore-specific-descriptor/src/test/resources
[INFO] 
[INFO] --- maven-compiler-plugin:3.7.0:testCompile (default-testCompile) @ datastore-specific-descriptor ---
[INFO] No sources to compile
[INFO] 
[INFO] --- maven-surefire-plugin:2.12.4:test (default-test) @ datastore-specific-descriptor ---
[INFO] Tests are skipped.
[INFO] 
[INFO] --- maven-jar-plugin:2.4:jar (default-jar) @ datastore-specific-descriptor ---
[INFO] 
[INFO] --- maven-dependency-plugin:2.8:list (default-cli) @ datastore-specific-descriptor ---
[INFO] 
[INFO] ----------------------< site.ycsb:binding-parent >----------------------
[INFO] Building YCSB Datastore Binding Parent 0.18.0-SNAPSHOT             [4/5]
[INFO] --------------------------------[ pom ]---------------------------------
[INFO] 
[INFO] --- maven-enforcer-plugin:3.0.0-M1:enforce (enforce-maven) @ binding-parent ---
[INFO] 
[INFO] --- maven-checkstyle-plugin:2.16:check (validate) @ binding-parent ---
[INFO] 
[INFO] --- maven-dependency-plugin:2.10:copy-dependencies (stage-dependencies) @ binding-parent ---
[INFO] 
[INFO] --- maven-dependency-plugin:2.10:list (default-cli) @ binding-parent ---
[INFO] 
[INFO] ----------------------< site.ycsb:redis-binding >-----------------------
[INFO] Building Redis DB Binding 0.18.0-SNAPSHOT                          [5/5]
[INFO] --------------------------------[ jar ]---------------------------------
[INFO] 
[INFO] --- maven-enforcer-plugin:3.0.0-M1:enforce (enforce-maven) @ redis-binding ---
[INFO] 
[INFO] --- maven-checkstyle-plugin:2.16:check (validate) @ redis-binding ---
[INFO] 
[INFO] --- maven-resources-plugin:2.6:resources (default-resources) @ redis-binding ---
[INFO] Using 'UTF-8' encoding to copy filtered resources.
[INFO] skip non existing resourceDirectory /users/cgw/YCSB/redis/src/main/resources
[INFO] 
[INFO] --- maven-compiler-plugin:3.7.0:compile (default-compile) @ redis-binding ---
[INFO] Changes detected - recompiling the module!
[INFO] Compiling 2 source files to /users/cgw/YCSB/redis/target/classes
[INFO] 
[INFO] --- maven-resources-plugin:2.6:testResources (default-testResources) @ redis-binding ---
[INFO] Using 'UTF-8' encoding to copy filtered resources.
[INFO] skip non existing resourceDirectory /users/cgw/YCSB/redis/src/test/resources
[INFO] 
[INFO] --- maven-compiler-plugin:3.7.0:testCompile (default-testCompile) @ redis-binding ---
[INFO] No sources to compile
[INFO] 
[INFO] --- maven-surefire-plugin:2.12.4:test (default-test) @ redis-binding ---
[INFO] Tests are skipped.
[INFO] 
[INFO] --- maven-jar-plugin:2.4:jar (default-jar) @ redis-binding ---
[INFO] Building jar: /users/cgw/YCSB/redis/target/redis-binding-0.18.0-SNAPSHOT.jar
[INFO] 
[INFO] --- maven-dependency-plugin:2.10:copy-dependencies (stage-dependencies) @ redis-binding ---
[INFO] redis.clients:jedis:jar:2.9.0 already exists in destination.
[INFO] org.apache.commons:commons-pool2:jar:2.4.2 already exists in destination.
[INFO] 
[INFO] --- maven-assembly-plugin:2.5.5:single (default) @ redis-binding ---
[WARNING] The following patterns were never triggered in this artifact exclusion filter:
o  '*:sources'

[INFO] Building tar: /users/cgw/YCSB/redis/target/ycsb-redis-binding-0.18.0-SNAPSHOT.tar.gz
[INFO] 
[INFO] --- maven-dependency-plugin:2.10:list (default-cli) @ redis-binding ---
[INFO] ------------------------------------------------------------------------
[INFO] Reactor Summary for YCSB Root 0.18.0-SNAPSHOT:
[INFO] 
[INFO] YCSB Root .......................................... SUCCESS [  1.375 s]
[INFO] Core YCSB .......................................... SUCCESS [  2.548 s]
[INFO] Per Datastore Binding descriptor ................... SUCCESS [  0.175 s]
[INFO] YCSB Datastore Binding Parent ...................... SUCCESS [  0.360 s]
[INFO] Redis DB Binding ................................... SUCCESS [  0.733 s]
[INFO] ------------------------------------------------------------------------
[INFO] BUILD SUCCESS
[INFO] ------------------------------------------------------------------------
[INFO] Total time:  5.637 s
[INFO] Finished at: 2025-04-04T14:53:25Z
[INFO] ------------------------------------------------------------------------
java -cp /users/cgw/YCSB/redis/conf:/users/cgw/YCSB/redis/target/redis-binding-0.18.0-SNAPSHOT.jar:/root/.m2/repository/org/apache/htrace/htrace-core4/4.1.0-incubating/htrace-core4-4.1.0-incubating.jar:/root/.m2/repository/org/hdrhistogram/HdrHistogram/2.1.12/HdrHistogram-2.1.12.jar:/root/.m2/repository/org/codehaus/jackson/jackson-mapper-asl/1.9.4/jackson-mapper-asl-1.9.4.jar:/root/.m2/repository/redis/clients/jedis/2.9.0/jedis-2.9.0.jar:/root/.m2/repository/org/apache/commons/commons-pool2/2.4.2/commons-pool2-2.4.2.jar:/root/.m2/repository/org/codehaus/jackson/jackson-core-asl/1.9.4/jackson-core-asl-1.9.4.jar:/users/cgw/YCSB/core/target/core-0.18.0-SNAPSHOT.jar site.ycsb.Client -db site.ycsb.db.RedisClient -P workloads/workloada -P /users/cgw/Pond/redis/redis-run2.properties -p redis.host=localhost -p requestdistribution=uniform -p threadcount=1024 -p measurement.raw.output_file=/users/cgw/Pond/tdata/REDIS///workloada/80-uniform-1024t-1.rawlat -t
Command line: -db site.ycsb.db.RedisClient -P workloads/workloada -P /users/cgw/Pond/redis/redis-run2.properties -p redis.host=localhost -p requestdistribution=uniform -p threadcount=1024 -p measurement.raw.output_file=/users/cgw/Pond/tdata/REDIS///workloada/80-uniform-1024t-1.rawlat -t
YCSB Client 0.18.0-SNAPSHOT

Loading workload...
Starting test.
DBWrapper: report latency for each error is false and specific error codes to track for latency are: []
Maximum execution time specified as: 120 secs
Maximum time elapsed. Requesting stop for the workload.
Stop requested for workload. Now Joining!
[OVERALL], RunTime(ms), 120404
[OVERALL], Throughput(ops/sec), 81879.79635228065
[TOTAL_GCS_G1_Young_Generation], Count, 15
[TOTAL_GC_TIME_G1_Young_Generation], Time(ms), 46
[TOTAL_GC_TIME_%_G1_Young_Generation], Time(%), 0.03820471080694993
[TOTAL_GCS_G1_Concurrent_GC], Count, 0
[TOTAL_GC_TIME_G1_Concurrent_GC], Time(ms), 0
[TOTAL_GC_TIME_%_G1_Concurrent_GC], Time(%), 0.0
[TOTAL_GCS_G1_Old_Generation], Count, 0
[TOTAL_GC_TIME_G1_Old_Generation], Time(ms), 0
[TOTAL_GC_TIME_%_G1_Old_Generation], Time(%), 0.0
[TOTAL_GCs], Count, 15
[TOTAL_GC_TIME], Time(ms), 46
[TOTAL_GC_TIME_%], Time(%), 0.03820471080694993
[READ], Operations, 3467182
[READ], AverageLatency(us), 12443.78772963173
[READ], MinLatency(us), 82
[READ], MaxLatency(us), 89919
[READ], 5thPercentileLatency(us), 11647
[READ], 10thPercentileLatency(us), 11687
[READ], 15thPercentileLatency(us), 11727
[READ], 20thPercentileLatency(us), 11759
[READ], 25thPercentileLatency(us), 11791
[READ], 30thPercentileLatency(us), 11839
[READ], 35thPercentileLatency(us), 11959
[READ], 40thPercentileLatency(us), 12071
[READ], 45thPercentileLatency(us), 12127
[READ], 50thPercentileLatency(us), 12175
[READ], 55thPercentileLatency(us), 12247
[READ], 60thPercentileLatency(us), 12423
[READ], 65thPercentileLatency(us), 12503
[READ], 70thPercentileLatency(us), 12567
[READ], 75thPercentileLatency(us), 12639
[READ], 80thPercentileLatency(us), 12767
[READ], 85thPercentileLatency(us), 12967
[READ], 90thPercentileLatency(us), 13359
[READ], 95thPercentileLatency(us), 14159
[READ], 99thPercentileLatency(us), 16639
[READ], 99.9PercentileLatency(us), 25135
[READ], 99.99PercentileLatency(us), 84415
[READ], 99.999PercentileLatency(us), 88255
[READ], 100thPercentileLatency(us), 89919
[READ], Return=OK, 3467182
[READ], Return=ERROR, 1463167
[CLEANUP], Operations, 1024
[CLEANUP], AverageLatency(us), 8950.78125
[CLEANUP], MinLatency(us), 23
[CLEANUP], MaxLatency(us), 49055
[CLEANUP], 5thPercentileLatency(us), 29
[CLEANUP], 10thPercentileLatency(us), 30
[CLEANUP], 15thPercentileLatency(us), 31
[CLEANUP], 20thPercentileLatency(us), 32
[CLEANUP], 25thPercentileLatency(us), 33
[CLEANUP], 30thPercentileLatency(us), 34
[CLEANUP], 35thPercentileLatency(us), 37
[CLEANUP], 40thPercentileLatency(us), 41
[CLEANUP], 45thPercentileLatency(us), 64
[CLEANUP], 50thPercentileLatency(us), 1635
[CLEANUP], 55thPercentileLatency(us), 2825
[CLEANUP], 60thPercentileLatency(us), 3667
[CLEANUP], 65thPercentileLatency(us), 4503
[CLEANUP], 70thPercentileLatency(us), 5415
[CLEANUP], 75thPercentileLatency(us), 7175
[CLEANUP], 80thPercentileLatency(us), 8655
[CLEANUP], 85thPercentileLatency(us), 39295
[CLEANUP], 90thPercentileLatency(us), 43583
[CLEANUP], 95thPercentileLatency(us), 46207
[CLEANUP], 99thPercentileLatency(us), 48095
[CLEANUP], 99.9PercentileLatency(us), 48575
[CLEANUP], 99.99PercentileLatency(us), 49055
[CLEANUP], 99.999PercentileLatency(us), 49055
[CLEANUP], 100thPercentileLatency(us), 49055
[UPDATE], Operations, 4928306
[UPDATE], AverageLatency(us), 12471.57626231001
[UPDATE], MinLatency(us), 90
[UPDATE], MaxLatency(us), 117119
[UPDATE], 5thPercentileLatency(us), 11647
[UPDATE], 10thPercentileLatency(us), 11695
[UPDATE], 15thPercentileLatency(us), 11727
[UPDATE], 20thPercentileLatency(us), 11759
[UPDATE], 25thPercentileLatency(us), 11799
[UPDATE], 30thPercentileLatency(us), 11863
[UPDATE], 35thPercentileLatency(us), 11999
[UPDATE], 40thPercentileLatency(us), 12087
[UPDATE], 45thPercentileLatency(us), 12135
[UPDATE], 50thPercentileLatency(us), 12183
[UPDATE], 55thPercentileLatency(us), 12279
[UPDATE], 60thPercentileLatency(us), 12455
[UPDATE], 65thPercentileLatency(us), 12519
[UPDATE], 70thPercentileLatency(us), 12583
[UPDATE], 75thPercentileLatency(us), 12655
[UPDATE], 80thPercentileLatency(us), 12799
[UPDATE], 85thPercentileLatency(us), 12999
[UPDATE], 90thPercentileLatency(us), 13415
[UPDATE], 95thPercentileLatency(us), 14263
[UPDATE], 99thPercentileLatency(us), 16767
[UPDATE], 99.9PercentileLatency(us), 25279
[UPDATE], 99.99PercentileLatency(us), 83839
[UPDATE], 99.999PercentileLatency(us), 88383
[UPDATE], 100thPercentileLatency(us), 117119
[UPDATE], Return=OK, 4928306
[READ-FAILED], Operations, 1463167
[READ-FAILED], AverageLatency(us), 12526.793916210521
[READ-FAILED], MinLatency(us), 102
[READ-FAILED], MaxLatency(us), 117183
[READ-FAILED], 5thPercentileLatency(us), 11655
[READ-FAILED], 10thPercentileLatency(us), 11703
[READ-FAILED], 15thPercentileLatency(us), 11743
[READ-FAILED], 20thPercentileLatency(us), 11783
[READ-FAILED], 25thPercentileLatency(us), 11831
[READ-FAILED], 30thPercentileLatency(us), 11935
[READ-FAILED], 35thPercentileLatency(us), 12055
[READ-FAILED], 40thPercentileLatency(us), 12111
[READ-FAILED], 45thPercentileLatency(us), 12159
[READ-FAILED], 50thPercentileLatency(us), 12231
[READ-FAILED], 55thPercentileLatency(us), 12407
[READ-FAILED], 60thPercentileLatency(us), 12495
[READ-FAILED], 65thPercentileLatency(us), 12551
[READ-FAILED], 70thPercentileLatency(us), 12607
[READ-FAILED], 75thPercentileLatency(us), 12695
[READ-FAILED], 80thPercentileLatency(us), 12871
[READ-FAILED], 85thPercentileLatency(us), 13071
[READ-FAILED], 90thPercentileLatency(us), 13559
[READ-FAILED], 95thPercentileLatency(us), 14471
[READ-FAILED], 99thPercentileLatency(us), 16895
[READ-FAILED], 99.9PercentileLatency(us), 25439
[READ-FAILED], 99.99PercentileLatency(us), 85055
[READ-FAILED], 99.999PercentileLatency(us), 88447
[READ-FAILED], 100thPercentileLatency(us), 117183
