[WARN]  Running against a source checkout. In order to get our runtime dependencies we'll have to invoke Maven. Depending on the state of your system, this may take ~30-45 seconds
[DEBUG]  Running 'mvn -B -pl site.ycsb:redis-binding -am package -DskipTests dependency:list -DoutputAbsoluteArtifactFilename -DappendOutput=false -DoutputFile=/tmp/tmpmcec4yeo'
[INFO] Scanning for projects...
[INFO] ------------------------------------------------------------------------
[INFO] Reactor Build Order:
[INFO] 
[INFO] YCSB Root                                                          [pom]
[INFO] Core YCSB                                                          [jar]
[INFO] Per Datastore Binding descriptor                                   [jar]
[INFO] YCSB Datastore Binding Parent                                      [pom]
[INFO] Redis DB Binding                                                   [jar]
[INFO] 
[INFO] ---------------------------< site.ycsb:root >---------------------------
[INFO] Building YCSB Root 0.18.0-SNAPSHOT                                 [1/5]
[INFO] --------------------------------[ pom ]---------------------------------
[INFO] 
[INFO] --- maven-enforcer-plugin:3.0.0-M1:enforce (enforce-maven) @ root ---
[INFO] 
[INFO] --- maven-checkstyle-plugin:2.16:check (validate) @ root ---
[INFO] 
[INFO] --- maven-dependency-plugin:2.8:list (default-cli) @ root ---
[INFO] 
[INFO] ---------------------------< site.ycsb:core >---------------------------
[INFO] Building Core YCSB 0.18.0-SNAPSHOT                                 [2/5]
[INFO] --------------------------------[ jar ]---------------------------------
[INFO] 
[INFO] --- maven-enforcer-plugin:3.0.0-M1:enforce (enforce-maven) @ core ---
[INFO] 
[INFO] --- maven-checkstyle-plugin:2.16:check (validate) @ core ---
[INFO] 
[INFO] --- maven-resources-plugin:2.6:resources (default-resources) @ core ---
[INFO] Using 'UTF-8' encoding to copy filtered resources.
[INFO] Copying 1 resource
[INFO] 
[INFO] --- maven-compiler-plugin:3.7.0:compile (default-compile) @ core ---
[INFO] Changes detected - recompiling the module!
[INFO] Compiling 63 source files to /users/cgw/YCSB/core/target/classes
[INFO] /users/cgw/YCSB/core/src/main/java/site/ycsb/DBFactory.java: Some input files use or override a deprecated API.
[INFO] /users/cgw/YCSB/core/src/main/java/site/ycsb/DBFactory.java: Recompile with -Xlint:deprecation for details.
[INFO] 
[INFO] --- maven-resources-plugin:2.6:testResources (default-testResources) @ core ---
[INFO] Using 'UTF-8' encoding to copy filtered resources.
[INFO] skip non existing resourceDirectory /users/cgw/YCSB/core/src/test/resources
[INFO] 
[INFO] --- maven-compiler-plugin:3.7.0:testCompile (default-testCompile) @ core ---
[INFO] Nothing to compile - all classes are up to date
[INFO] 
[INFO] --- maven-surefire-plugin:2.12.4:test (default-test) @ core ---
[INFO] Tests are skipped.
[INFO] 
[INFO] --- maven-jar-plugin:2.4:jar (default-jar) @ core ---
[INFO] Building jar: /users/cgw/YCSB/core/target/core-0.18.0-SNAPSHOT.jar
[INFO] 
[INFO] --- maven-dependency-plugin:2.8:list (default-cli) @ core ---
[INFO] 
[INFO] --------------< site.ycsb:datastore-specific-descriptor >---------------
[INFO] Building Per Datastore Binding descriptor 0.18.0-SNAPSHOT          [3/5]
[INFO] --------------------------------[ jar ]---------------------------------
[INFO] 
[INFO] --- maven-enforcer-plugin:3.0.0-M1:enforce (enforce-maven) @ datastore-specific-descriptor ---
[INFO] 
[INFO] --- maven-checkstyle-plugin:2.16:check (validate) @ datastore-specific-descriptor ---
[INFO] 
[INFO] --- maven-resources-plugin:2.6:resources (default-resources) @ datastore-specific-descriptor ---
[INFO] Using 'UTF-8' encoding to copy filtered resources.
[INFO] Copying 1 resource
[INFO] 
[INFO] --- maven-compiler-plugin:3.7.0:compile (default-compile) @ datastore-specific-descriptor ---
[INFO] No sources to compile
[INFO] 
[INFO] --- maven-resources-plugin:2.6:testResources (default-testResources) @ datastore-specific-descriptor ---
[INFO] Using 'UTF-8' encoding to copy filtered resources.
[INFO] skip non existing resourceDirectory /users/cgw/YCSB/binding-parent/datastore-specific-descriptor/src/test/resources
[INFO] 
[INFO] --- maven-compiler-plugin:3.7.0:testCompile (default-testCompile) @ datastore-specific-descriptor ---
[INFO] No sources to compile
[INFO] 
[INFO] --- maven-surefire-plugin:2.12.4:test (default-test) @ datastore-specific-descriptor ---
[INFO] Tests are skipped.
[INFO] 
[INFO] --- maven-jar-plugin:2.4:jar (default-jar) @ datastore-specific-descriptor ---
[INFO] 
[INFO] --- maven-dependency-plugin:2.8:list (default-cli) @ datastore-specific-descriptor ---
[INFO] 
[INFO] ----------------------< site.ycsb:binding-parent >----------------------
[INFO] Building YCSB Datastore Binding Parent 0.18.0-SNAPSHOT             [4/5]
[INFO] --------------------------------[ pom ]---------------------------------
[INFO] 
[INFO] --- maven-enforcer-plugin:3.0.0-M1:enforce (enforce-maven) @ binding-parent ---
[INFO] 
[INFO] --- maven-checkstyle-plugin:2.16:check (validate) @ binding-parent ---
[INFO] 
[INFO] --- maven-dependency-plugin:2.10:copy-dependencies (stage-dependencies) @ binding-parent ---
[INFO] 
[INFO] --- maven-dependency-plugin:2.10:list (default-cli) @ binding-parent ---
[INFO] 
[INFO] ----------------------< site.ycsb:redis-binding >-----------------------
[INFO] Building Redis DB Binding 0.18.0-SNAPSHOT                          [5/5]
[INFO] --------------------------------[ jar ]---------------------------------
[INFO] 
[INFO] --- maven-enforcer-plugin:3.0.0-M1:enforce (enforce-maven) @ redis-binding ---
[INFO] 
[INFO] --- maven-checkstyle-plugin:2.16:check (validate) @ redis-binding ---
[INFO] 
[INFO] --- maven-resources-plugin:2.6:resources (default-resources) @ redis-binding ---
[INFO] Using 'UTF-8' encoding to copy filtered resources.
[INFO] skip non existing resourceDirectory /users/cgw/YCSB/redis/src/main/resources
[INFO] 
[INFO] --- maven-compiler-plugin:3.7.0:compile (default-compile) @ redis-binding ---
[INFO] Changes detected - recompiling the module!
[INFO] Compiling 2 source files to /users/cgw/YCSB/redis/target/classes
[INFO] 
[INFO] --- maven-resources-plugin:2.6:testResources (default-testResources) @ redis-binding ---
[INFO] Using 'UTF-8' encoding to copy filtered resources.
[INFO] skip non existing resourceDirectory /users/cgw/YCSB/redis/src/test/resources
[INFO] 
[INFO] --- maven-compiler-plugin:3.7.0:testCompile (default-testCompile) @ redis-binding ---
[INFO] No sources to compile
[INFO] 
[INFO] --- maven-surefire-plugin:2.12.4:test (default-test) @ redis-binding ---
[INFO] Tests are skipped.
[INFO] 
[INFO] --- maven-jar-plugin:2.4:jar (default-jar) @ redis-binding ---
[INFO] Building jar: /users/cgw/YCSB/redis/target/redis-binding-0.18.0-SNAPSHOT.jar
[INFO] 
[INFO] --- maven-dependency-plugin:2.10:copy-dependencies (stage-dependencies) @ redis-binding ---
[INFO] redis.clients:jedis:jar:2.9.0 already exists in destination.
[INFO] org.apache.commons:commons-pool2:jar:2.4.2 already exists in destination.
[INFO] 
[INFO] --- maven-assembly-plugin:2.5.5:single (default) @ redis-binding ---
[WARNING] The following patterns were never triggered in this artifact exclusion filter:
o  '*:sources'

[INFO] Building tar: /users/cgw/YCSB/redis/target/ycsb-redis-binding-0.18.0-SNAPSHOT.tar.gz
[INFO] 
[INFO] --- maven-dependency-plugin:2.10:list (default-cli) @ redis-binding ---
[INFO] ------------------------------------------------------------------------
[INFO] Reactor Summary for YCSB Root 0.18.0-SNAPSHOT:
[INFO] 
[INFO] YCSB Root .......................................... SUCCESS [  1.361 s]
[INFO] Core YCSB .......................................... SUCCESS [  2.439 s]
[INFO] Per Datastore Binding descriptor ................... SUCCESS [  0.171 s]
[INFO] YCSB Datastore Binding Parent ...................... SUCCESS [  0.351 s]
[INFO] Redis DB Binding ................................... SUCCESS [  0.728 s]
[INFO] ------------------------------------------------------------------------
[INFO] BUILD SUCCESS
[INFO] ------------------------------------------------------------------------
[INFO] Total time:  5.496 s
[INFO] Finished at: 2025-04-04T14:43:02Z
[INFO] ------------------------------------------------------------------------
java -cp /users/cgw/YCSB/redis/conf:/users/cgw/YCSB/redis/target/redis-binding-0.18.0-SNAPSHOT.jar:/root/.m2/repository/org/apache/htrace/htrace-core4/4.1.0-incubating/htrace-core4-4.1.0-incubating.jar:/root/.m2/repository/org/hdrhistogram/HdrHistogram/2.1.12/HdrHistogram-2.1.12.jar:/root/.m2/repository/org/codehaus/jackson/jackson-mapper-asl/1.9.4/jackson-mapper-asl-1.9.4.jar:/root/.m2/repository/redis/clients/jedis/2.9.0/jedis-2.9.0.jar:/root/.m2/repository/org/apache/commons/commons-pool2/2.4.2/commons-pool2-2.4.2.jar:/root/.m2/repository/org/codehaus/jackson/jackson-core-asl/1.9.4/jackson-core-asl-1.9.4.jar:/users/cgw/YCSB/core/target/core-0.18.0-SNAPSHOT.jar site.ycsb.Client -db site.ycsb.db.RedisClient -P workloads/workloada -P /users/cgw/Pond/redis/redis-run2.properties -p redis.host=localhost -p requestdistribution=uniform -p threadcount=1024 -p measurement.raw.output_file=/users/cgw/Pond/tdata/REDIS///workloada/85-uniform-1024t-1.rawlat -t
Command line: -db site.ycsb.db.RedisClient -P workloads/workloada -P /users/cgw/Pond/redis/redis-run2.properties -p redis.host=localhost -p requestdistribution=uniform -p threadcount=1024 -p measurement.raw.output_file=/users/cgw/Pond/tdata/REDIS///workloada/85-uniform-1024t-1.rawlat -t
YCSB Client 0.18.0-SNAPSHOT

Loading workload...
Starting test.
DBWrapper: report latency for each error is false and specific error codes to track for latency are: []
Maximum execution time specified as: 120 secs
Maximum time elapsed. Requesting stop for the workload.
Stop requested for workload. Now Joining!
[OVERALL], RunTime(ms), 120356
[OVERALL], Throughput(ops/sec), 82480.8567915185
[TOTAL_GCS_G1_Young_Generation], Count, 15
[TOTAL_GC_TIME_G1_Young_Generation], Time(ms), 44
[TOTAL_GC_TIME_%_G1_Young_Generation], Time(%), 0.03655821064176277
[TOTAL_GCS_G1_Concurrent_GC], Count, 0
[TOTAL_GC_TIME_G1_Concurrent_GC], Time(ms), 0
[TOTAL_GC_TIME_%_G1_Concurrent_GC], Time(%), 0.0
[TOTAL_GCS_G1_Old_Generation], Count, 0
[TOTAL_GC_TIME_G1_Old_Generation], Time(ms), 0
[TOTAL_GC_TIME_%_G1_Old_Generation], Time(%), 0.0
[TOTAL_GCs], Count, 15
[TOTAL_GC_TIME], Time(ms), 44
[TOTAL_GC_TIME_%], Time(%), 0.03655821064176277
[READ], Operations, 3303533
[READ], AverageLatency(us), 12350.515617370856
[READ], MinLatency(us), 64
[READ], MaxLatency(us), 232319
[READ], 5thPercentileLatency(us), 11567
[READ], 10thPercentileLatency(us), 11607
[READ], 15thPercentileLatency(us), 11631
[READ], 20thPercentileLatency(us), 11655
[READ], 25thPercentileLatency(us), 11679
[READ], 30thPercentileLatency(us), 11703
[READ], 35thPercentileLatency(us), 11743
[READ], 40thPercentileLatency(us), 11831
[READ], 45thPercentileLatency(us), 11967
[READ], 50thPercentileLatency(us), 12039
[READ], 55thPercentileLatency(us), 12127
[READ], 60thPercentileLatency(us), 12407
[READ], 65thPercentileLatency(us), 12495
[READ], 70thPercentileLatency(us), 12567
[READ], 75thPercentileLatency(us), 12647
[READ], 80thPercentileLatency(us), 12783
[READ], 85thPercentileLatency(us), 12951
[READ], 90thPercentileLatency(us), 13255
[READ], 95thPercentileLatency(us), 14079
[READ], 99thPercentileLatency(us), 16247
[READ], 99.9PercentileLatency(us), 25039
[READ], 99.99PercentileLatency(us), 79999
[READ], 99.999PercentileLatency(us), 130175
[READ], 100thPercentileLatency(us), 232319
[READ], Return=OK, 3303533
[READ], Return=ERROR, 1663025
[CLEANUP], Operations, 1024
[CLEANUP], AverageLatency(us), 884.03515625
[CLEANUP], MinLatency(us), 28
[CLEANUP], MaxLatency(us), 19135
[CLEANUP], 5thPercentileLatency(us), 32
[CLEANUP], 10thPercentileLatency(us), 32
[CLEANUP], 15thPercentileLatency(us), 33
[CLEANUP], 20thPercentileLatency(us), 33
[CLEANUP], 25thPercentileLatency(us), 34
[CLEANUP], 30thPercentileLatency(us), 34
[CLEANUP], 35thPercentileLatency(us), 35
[CLEANUP], 40thPercentileLatency(us), 35
[CLEANUP], 45thPercentileLatency(us), 35
[CLEANUP], 50thPercentileLatency(us), 36
[CLEANUP], 55thPercentileLatency(us), 37
[CLEANUP], 60thPercentileLatency(us), 38
[CLEANUP], 65thPercentileLatency(us), 40
[CLEANUP], 70thPercentileLatency(us), 41
[CLEANUP], 75thPercentileLatency(us), 45
[CLEANUP], 80thPercentileLatency(us), 58
[CLEANUP], 85thPercentileLatency(us), 251
[CLEANUP], 90thPercentileLatency(us), 1204
[CLEANUP], 95thPercentileLatency(us), 7663
[CLEANUP], 99thPercentileLatency(us), 13191
[CLEANUP], 99.9PercentileLatency(us), 18303
[CLEANUP], 99.99PercentileLatency(us), 19135
[CLEANUP], 99.999PercentileLatency(us), 19135
[CLEANUP], 100thPercentileLatency(us), 19135
[UPDATE], Operations, 4960508
[UPDATE], AverageLatency(us), 12386.7477689785
[UPDATE], MinLatency(us), 81
[UPDATE], MaxLatency(us), 233343
[UPDATE], 5thPercentileLatency(us), 11567
[UPDATE], 10thPercentileLatency(us), 11607
[UPDATE], 15thPercentileLatency(us), 11631
[UPDATE], 20thPercentileLatency(us), 11655
[UPDATE], 25thPercentileLatency(us), 11687
[UPDATE], 30thPercentileLatency(us), 11711
[UPDATE], 35thPercentileLatency(us), 11767
[UPDATE], 40thPercentileLatency(us), 11895
[UPDATE], 45thPercentileLatency(us), 11999
[UPDATE], 50thPercentileLatency(us), 12063
[UPDATE], 55thPercentileLatency(us), 12207
[UPDATE], 60thPercentileLatency(us), 12439
[UPDATE], 65thPercentileLatency(us), 12519
[UPDATE], 70thPercentileLatency(us), 12591
[UPDATE], 75thPercentileLatency(us), 12679
[UPDATE], 80thPercentileLatency(us), 12815
[UPDATE], 85thPercentileLatency(us), 12975
[UPDATE], 90thPercentileLatency(us), 13351
[UPDATE], 95thPercentileLatency(us), 14191
[UPDATE], 99thPercentileLatency(us), 16383
[UPDATE], 99.9PercentileLatency(us), 25215
[UPDATE], 99.99PercentileLatency(us), 79807
[UPDATE], 99.999PercentileLatency(us), 107455
[UPDATE], 100thPercentileLatency(us), 233343
[UPDATE], Return=OK, 4960508
[READ-FAILED], Operations, 1663025
[READ-FAILED], AverageLatency(us), 12448.299720689707
[READ-FAILED], MinLatency(us), 48
[READ-FAILED], MaxLatency(us), 234751
[READ-FAILED], 5thPercentileLatency(us), 11575
[READ-FAILED], 10thPercentileLatency(us), 11607
[READ-FAILED], 15thPercentileLatency(us), 11639
[READ-FAILED], 20thPercentileLatency(us), 11671
[READ-FAILED], 25thPercentileLatency(us), 11703
[READ-FAILED], 30thPercentileLatency(us), 11743
[READ-FAILED], 35thPercentileLatency(us), 11855
[READ-FAILED], 40thPercentileLatency(us), 11975
[READ-FAILED], 45thPercentileLatency(us), 12039
[READ-FAILED], 50thPercentileLatency(us), 12143
[READ-FAILED], 55thPercentileLatency(us), 12407
[READ-FAILED], 60thPercentileLatency(us), 12487
[READ-FAILED], 65thPercentileLatency(us), 12559
[READ-FAILED], 70thPercentileLatency(us), 12631
[READ-FAILED], 75thPercentileLatency(us), 12743
[READ-FAILED], 80thPercentileLatency(us), 12879
[READ-FAILED], 85thPercentileLatency(us), 13047
[READ-FAILED], 90thPercentileLatency(us), 13495
[READ-FAILED], 95thPercentileLatency(us), 14343
[READ-FAILED], 99thPercentileLatency(us), 16447
[READ-FAILED], 99.9PercentileLatency(us), 25279
[READ-FAILED], 99.99PercentileLatency(us), 81023
[READ-FAILED], 99.999PercentileLatency(us), 151423
[READ-FAILED], 100thPercentileLatency(us), 234751
